[2017-10-31 09:56:21,154] - logger.py] - INFO: ------订单编号筛选：start!---------
[2017-10-31 09:58:23,158] - logger.py] - INFO: ------订单编号筛选：start!---------
[2017-10-31 10:00:50,619] - logger.py] - INFO: ------订单编号筛选：start!---------
[2017-10-31 10:02:13,033] - logger.py] - INFO: ------订单编号筛选：start!---------
[2017-10-31 10:02:54,714] - logger.py] - INFO: ------订单编号筛选：start!---------
[2017-10-31 10:05:31,174] - logger.py] - INFO: ------订单编号筛选：start!---------
[2017-10-31 10:08:48,913] - logger.py] - INFO: ------订单编号筛选：start!---------
[2017-10-31 10:09:13,973] - logger.py] - INFO: ------订单编号筛选：start!---------
[2017-10-31 10:11:00,075] - logger.py] - INFO: ------订单编号筛选：start!---------
[2017-10-31 10:15:36,917] - logger.py] - INFO: ------订单编号筛选：start!---------
[2017-10-31 10:22:17,097] - logger.py] - INFO: ------订单编号筛选：start!---------
[2017-10-31 10:24:16,944] - logger.py] - INFO: ------订单编号筛选：start!---------
[2017-10-31 10:27:15,390] - logger.py] - INFO: ------订单编号筛选：start!---------
[2017-10-31 10:29:10,912] - logger.py] - INFO: ------订单编号筛选：start!---------
[2017-10-31 10:35:22,894] - logger.py] - INFO: ------创建销售订单：start!---------
[2017-10-31 10:35:33,599] - logger.py] - INFO: ------创建销售订单：stop!---------
[2017-10-31 10:35:33,601] - logger.py] - INFO: ------查看销售订单详情：start!---------
[2017-10-31 10:35:34,483] - logger.py] - INFO: ------编辑销售订单：start!---------
[2017-10-31 10:35:34,764] - logger.py] - INFO: ------编辑销售订单：stop!---------
[2017-10-31 10:35:34,765] - logger.py] - INFO: ------审核销售订单：start!---------
[2017-10-31 10:35:35,011] - logger.py] - INFO: ------审核采购订单：stop!---------
[2017-10-31 10:35:35,013] - logger.py] - INFO: ------重新编辑执行中的销售订单：start!---------
[2017-10-31 10:35:35,602] - logger.py] - INFO: ------重新编辑执行中的销售订单：stop!---------
[2017-10-31 10:35:35,604] - logger.py] - INFO: ------订单编号筛选：start!---------
[2017-10-31 10:37:57,575] - logger.py] - INFO: ------创建销售订单：start!---------
[2017-10-31 10:38:09,444] - logger.py] - INFO: ------创建销售订单：stop!---------
[2017-10-31 10:38:09,445] - logger.py] - INFO: ------查看销售订单详情：start!---------
[2017-10-31 10:38:11,227] - logger.py] - INFO: ------查看销售订单详情：stop!---------
[2017-10-31 10:38:11,228] - logger.py] - INFO: ------编辑销售订单：start!---------
[2017-10-31 10:38:18,610] - logger.py] - INFO: ------编辑销售订单：stop!---------
[2017-10-31 10:38:18,611] - logger.py] - INFO: ------审核销售订单：start!---------
[2017-10-31 10:38:23,045] - logger.py] - INFO: ------审核采购订单：stop!---------
[2017-10-31 10:38:23,046] - logger.py] - INFO: ------重新编辑执行中的销售订单：start!---------
[2017-10-31 10:38:29,726] - logger.py] - INFO: ------重新编辑执行中的销售订单：stop!---------
[2017-10-31 10:38:29,728] - logger.py] - INFO: ------订单编号筛选：start!---------
[2017-10-31 11:34:29,658] - logger.py] - INFO: ------查看采购订单详情：start!---------
[2017-10-31 11:36:19,911] - logger.py] - INFO: ------查看采购订单详情：start!---------
[2017-10-31 11:36:45,317] - logger.py] - INFO: ------查看采购订单详情：start!---------
[2017-10-31 11:37:40,524] - logger.py] - INFO: ------查看采购订单详情：start!---------
[2017-10-31 11:54:53,457] - logger.py] - INFO: ------查看采购订单详情：start!---------
[2017-10-31 11:58:59,720] - logger.py] - INFO: ------查看采购订单详情：start!---------
[2017-10-31 12:14:34,250] - logger.py] - INFO: ------查看采购订单详情：start!---------
[2017-10-31 14:23:17,202] - logger.py] - INFO: ------编辑采购订单：start!---------
[2017-10-31 14:27:16,024] - logger.py] - INFO: ------编辑采购订单：start!---------
[2017-10-31 14:28:42,357] - logger.py] - INFO: ------编辑采购订单：start!---------
[2017-10-31 14:28:49,061] - logger.py] - INFO: ------编辑采购订单：stop!---------
[2017-10-31 14:29:19,503] - logger.py] - INFO: ------编辑采购订单：start!---------
[2017-10-31 14:29:25,521] - logger.py] - INFO: ------编辑采购订单：stop!---------
[2017-10-31 14:29:50,814] - logger.py] - INFO: ------编辑采购订单：start!---------
[2017-10-31 14:29:56,812] - logger.py] - INFO: ------编辑采购订单：stop!---------
[2017-10-31 14:33:40,216] - logger.py] - INFO: ------审核采购订单：start!---------
[2017-10-31 14:33:46,886] - logger.py] - INFO: ------审核采购订单：stop!---------
[2017-10-31 14:36:27,970] - logger.py] - INFO: ------审核采购订单：start!---------
[2017-10-31 14:36:29,723] - logger.py] - INFO: ------审核采购订单：stop!---------
[2017-10-31 14:38:28,337] - logger.py] - INFO: ------审核采购订单：start!---------
[2017-10-31 14:38:30,481] - logger.py] - INFO: ------审核采购订单：stop!---------
[2017-10-31 14:42:46,307] - logger.py] - INFO: ------审核采购订单：start!---------
[2017-10-31 14:42:50,977] - logger.py] - INFO: ------审核采购订单：stop!---------
[2017-10-31 14:58:53,345] - logger.py] - INFO: ------重新编辑执行中的采购订单：start!---------
[2017-10-31 14:59:00,593] - logger.py] - INFO: ------重新编辑执行中的采购订单：stop!---------
[2017-10-31 15:00:35,558] - logger.py] - INFO: ------重新编辑执行中的采购订单：start!---------
[2017-10-31 15:00:45,735] - logger.py] - INFO: ------重新编辑执行中的采购订单：stop!---------
[2017-10-31 15:06:30,328] - logger.py] - INFO: ------采购订单编号筛选：start!---------
[2017-10-31 15:10:26,943] - logger.py] - INFO: ------采购订单编号筛选：start!---------
[2017-10-31 15:13:09,764] - logger.py] - INFO: ------采购订单编号筛选：start!---------
[2017-10-31 15:13:11,369] - logger.py] - INFO: ------采购订单编号筛选：stop!---------
[2017-10-31 15:16:14,288] - logger.py] - INFO: ------采购订单编号筛选：start!---------
[2017-10-31 15:16:15,839] - logger.py] - INFO: ------采购订单编号筛选：stop!---------
[2017-10-31 15:17:20,755] - logger.py] - INFO: ------采购订单编号筛选：start!---------
[2017-10-31 15:17:22,304] - logger.py] - INFO: ------采购订单编号筛选：stop!---------
[2017-10-31 15:19:15,672] - logger.py] - INFO: ------采购订单编号筛选：start!---------
[2017-10-31 15:19:16,954] - logger.py] - INFO: ------采购订单编号筛选：stop!---------
[2017-10-31 15:19:41,719] - logger.py] - INFO: ------创建采购订单：start!---------
[2017-10-31 15:19:52,951] - logger.py] - INFO: ------创建采购订单：stop!---------
[2017-10-31 15:19:52,952] - logger.py] - INFO: ------查看采购订单详情：start!---------
[2017-10-31 15:19:54,372] - logger.py] - INFO: ------编辑采购订单：start!---------
[2017-10-31 15:19:54,723] - logger.py] - INFO: ------编辑采购订单：stop!---------
[2017-10-31 15:19:54,725] - logger.py] - INFO: ------审核采购订单：start!---------
[2017-10-31 15:19:54,975] - logger.py] - INFO: ------审核采购订单：stop!---------
[2017-10-31 15:19:54,977] - logger.py] - INFO: ------重新编辑执行中的采购订单：start!---------
[2017-10-31 15:19:55,391] - logger.py] - INFO: ------重新编辑执行中的采购订单：stop!---------
[2017-10-31 15:19:55,392] - logger.py] - INFO: ------采购订单编号筛选：start!---------
[2017-10-31 15:25:55,444] - logger.py] - INFO: ------查看采购订单详情：start!---------
[2017-10-31 15:30:30,868] - logger.py] - INFO: ------查看采购订单详情：start!---------
[2017-10-31 15:34:52,963] - logger.py] - INFO: ------查看销售订单详情：start!---------
[2017-10-31 15:37:14,990] - logger.py] - INFO: ------查看销售订单详情：start!---------
[2017-10-31 15:38:13,085] - logger.py] - INFO: ------查看销售订单详情：start!---------
[2017-10-31 15:41:42,029] - logger.py] - INFO: ------查看销售订单详情：start!---------
[2017-10-31 15:51:31,512] - logger.py] - INFO: ------查看销售订单详情：start!---------
[2017-10-31 15:52:56,652] - logger.py] - INFO: ------查看销售订单详情：start!---------
[2017-10-31 15:57:28,027] - logger.py] - INFO: ------查看销售订单详情：start!---------
[2017-10-31 16:07:49,000] - logger.py] - INFO: ------查看销售订单详情：start!---------
[2017-10-31 16:14:07,754] - logger.py] - INFO: ------查看销售订单详情：start!---------
