[2017-11-06 10:12:03,895] - logger.py] - INFO: ------创建入库单：start!---------
[2017-11-06 10:12:10,024] - logger.py] - INFO: ------创建入库单：stop!---------
[2017-11-06 10:45:23,315] - logger.py] - INFO: ------查看入库单详情：start!---------
[2017-11-06 10:46:39,128] - logger.py] - INFO: ------查看入库单详情：start!---------
[2017-11-06 10:47:16,499] - logger.py] - INFO: ------查看入库单详情：start!---------
[2017-11-06 10:47:21,035] - logger.py] - INFO: ------查看入库单详情：start!---------
[2017-11-06 10:49:16,393] - logger.py] - INFO: ------查看入库单详情：start!---------
[2017-11-06 11:01:39,019] - logger.py] - INFO: ------作废入库单：start!---------
[2017-11-06 11:13:01,122] - logger.py] - INFO: ------作废入库单：start!---------
[2017-11-06 11:13:06,351] - logger.py] - INFO: ------作废入库单：start!---------
[2017-11-06 11:13:21,909] - logger.py] - INFO: ------作废入库单：start!---------
[2017-11-06 11:13:31,198] - logger.py] - INFO: ------作废入库单：start!---------
[2017-11-06 11:41:11,278] - logger.py] - INFO: ------入库单订单编号筛选：start!---------
[2017-11-06 11:42:05,786] - logger.py] - INFO: ------入库单订单编号筛选：start!---------
[2017-11-06 11:42:07,427] - logger.py] - INFO: ------入库单订单编号筛选：stop!---------
[2017-11-06 13:44:24,377] - logger.py] - INFO: ------添加清单管理：start!---------
[2017-11-06 13:44:32,222] - logger.py] - INFO: ------添加清单管理：start!---------
[2017-11-06 13:51:22,909] - logger.py] - INFO: ------添加清单管理：start!---------
[2017-11-06 13:51:30,943] - logger.py] - INFO: ------添加清单管理：start!---------
[2017-11-06 13:59:44,177] - logger.py] - INFO: ------添加清单管理：start!---------
[2017-11-06 14:16:09,040] - logger.py] - INFO: ------添加清单管理：start!---------
[2017-11-06 14:16:20,405] - logger.py] - INFO: ------添加清单管理：start!---------
[2017-11-06 14:18:24,709] - logger.py] - INFO: ------创建入库单：start!---------
[2017-11-06 14:18:31,241] - logger.py] - INFO: ------创建入库单：stop!---------
[2017-11-06 14:18:31,243] - logger.py] - INFO: ------查看入库单详情：start!---------
[2017-11-06 14:18:33,872] - logger.py] - INFO: ------查看入库单详情：stop!---------
[2017-11-06 14:18:33,874] - logger.py] - INFO: ------作废入库单：start!---------
[2017-11-06 14:18:38,571] - logger.py] - INFO: ------作废入库单：stop!---------
[2017-11-06 14:18:38,573] - logger.py] - INFO: ------重新编辑入库单：start!---------
[2017-11-06 14:18:44,867] - logger.py] - INFO: ------重新编辑入库单：stop!---------
[2017-11-06 14:18:44,868] - logger.py] - INFO: ------添加清单管理：start!---------
[2017-11-06 14:18:45,061] - logger.py] - INFO: ------入库单订单编号筛选：start!---------
[2017-11-06 14:21:17,552] - logger.py] - INFO: ------重新编辑入库单：start!---------
[2017-11-06 14:21:22,849] - logger.py] - INFO: ------重新编辑入库单：stop!---------
[2017-11-06 14:29:41,191] - logger.py] - INFO: ------创建入库单：start!---------
[2017-11-06 14:29:47,873] - logger.py] - INFO: ------创建入库单：stop!---------
[2017-11-06 14:29:47,875] - logger.py] - INFO: ------查看入库单详情：start!---------
[2017-11-06 14:29:50,643] - logger.py] - INFO: ------查看入库单详情：stop!---------
[2017-11-06 14:29:50,646] - logger.py] - INFO: ------作废入库单：start!---------
[2017-11-06 14:29:55,050] - logger.py] - INFO: ------作废入库单：stop!---------
[2017-11-06 14:29:55,051] - logger.py] - INFO: ------重新编辑入库单：start!---------
[2017-11-06 14:30:00,360] - logger.py] - INFO: ------重新编辑入库单：stop!---------
[2017-11-06 14:30:00,361] - logger.py] - INFO: ------添加清单管理：start!---------
[2017-11-06 14:30:08,169] - logger.py] - INFO: ------入库单订单编号筛选：start!---------
