[2017-10-30 09:02:08,338] - logger.py] - INFO: ------创建销售订单：start!---------
[2017-10-30 09:02:47,158] - logger.py] - INFO: ------创建销售订单：start!---------
[2017-10-30 09:09:36,655] - logger.py] - INFO: ------创建销售订单：start!---------
[2017-10-30 09:10:51,305] - logger.py] - INFO: ------创建销售订单：start!---------
[2017-10-30 09:11:32,029] - logger.py] - INFO: ------创建销售订单：start!---------
[2017-10-30 09:13:02,557] - logger.py] - INFO: ------创建销售订单：start!---------
[2017-10-30 09:14:06,528] - logger.py] - INFO: ------创建销售订单：start!---------
[2017-10-30 09:14:17,923] - logger.py] - INFO: ------创建销售订单：stop!---------
[2017-10-30 15:05:52,748] - logger.py] - INFO: ------创建销售订单：start!---------
[2017-10-30 15:06:42,730] - logger.py] - INFO: ------创建销售订单：start!---------
[2017-10-30 15:06:54,464] - logger.py] - INFO: ------创建销售订单：stop!---------
[2017-10-30 15:06:54,466] - logger.py] - INFO: ------创建销售订单：start!---------
[2017-10-30 15:08:56,280] - logger.py] - INFO: ------创建销售订单：start!---------
[2017-10-30 15:13:57,047] - logger.py] - INFO: ------创建销售订单：start!---------
[2017-10-30 15:14:15,544] - logger.py] - INFO: ------创建销售订单：start!---------
[2017-10-30 15:14:35,302] - logger.py] - INFO: ------创建销售订单：start!---------
[2017-10-30 15:17:32,354] - logger.py] - INFO: ------查看采购订单详情：start!---------
[2017-10-30 15:20:46,794] - logger.py] - INFO: ------查看采购订单详情：start!---------
[2017-10-30 15:22:52,874] - logger.py] - INFO: ------查看采购订单详情：start!---------
[2017-10-30 15:22:55,852] - logger.py] - INFO: ------查看采购订单详情：stop!---------
[2017-10-30 15:38:55,526] - logger.py] - INFO: ------编辑采购订单：start!---------
[2017-10-30 15:39:56,667] - logger.py] - INFO: ------编辑采购订单：start!---------
[2017-10-30 15:42:20,544] - logger.py] - INFO: ------编辑采购订单：start!---------
[2017-10-30 15:43:34,599] - logger.py] - INFO: ------编辑采购订单：start!---------
[2017-10-30 15:52:29,193] - logger.py] - INFO: ------编辑采购订单：start!---------
[2017-10-30 15:53:34,441] - logger.py] - INFO: ------编辑采购订单：start!---------
[2017-10-30 16:00:26,820] - logger.py] - INFO: ------编辑采购订单：start!---------
[2017-10-30 16:03:42,472] - logger.py] - INFO: ------编辑采购订单：start!---------
[2017-10-30 16:05:51,275] - logger.py] - INFO: ------编辑采购订单：start!---------
[2017-10-30 16:05:59,047] - logger.py] - INFO: ------编辑采购订单：stop!---------
[2017-10-30 16:50:36,465] - logger.py] - INFO: ------审核采购订单：start!---------
[2017-10-30 16:51:47,658] - logger.py] - INFO: ------审核采购订单：start!---------
[2017-10-30 17:09:30,516] - logger.py] - INFO: ------审核采购订单：start!---------
[2017-10-30 17:14:06,472] - logger.py] - INFO: ------审核采购订单：start!---------
[2017-10-30 17:14:54,364] - logger.py] - INFO: ------审核采购订单：start!---------
[2017-10-30 17:14:54,444] - logger.py] - INFO: ------审核采购订单：stop!---------
[2017-10-30 17:19:05,781] - logger.py] - INFO: ------重新编辑执行中的销售订单：start!---------
[2017-10-30 17:19:13,629] - logger.py] - INFO: ------重新编辑执行中的销售订单：stop!---------
[2017-10-30 17:24:41,132] - logger.py] - INFO: ------编辑采购订单：start!---------
[2017-10-30 17:24:48,143] - logger.py] - INFO: ------编辑采购订单：stop!---------
[2017-10-30 17:25:18,294] - logger.py] - INFO: ------编辑采购订单：start!---------
[2017-10-30 17:25:26,016] - logger.py] - INFO: ------编辑采购订单：stop!---------
