[2017-10-17 17:08:23,004] - logger.py] - INFO: ------编辑菜单：start!---------
[2017-10-17 17:08:28,252] - logger.py] - INFO: ------编辑菜单：stop!---------
[2017-10-17 17:09:15,048] - logger.py] - INFO: ------编辑菜单：start!---------
[2017-10-17 17:09:20,321] - logger.py] - INFO: ------编辑菜单：stop!---------
[2017-10-17 17:10:21,405] - logger.py] - INFO: ------编辑菜单：start!---------
[2017-10-17 17:10:26,859] - logger.py] - INFO: ------编辑菜单：stop!---------
[2017-10-17 17:11:51,766] - logger.py] - INFO: ------编辑菜单：start!---------
[2017-10-17 17:11:56,608] - logger.py] - INFO: ------编辑菜单：stop!---------
[2017-10-17 17:22:33,457] - logger.py] - INFO: ------编辑菜单：start!---------
[2017-10-17 17:22:39,074] - logger.py] - INFO: ------编辑菜单：stop!---------
[2017-10-17 17:23:37,315] - logger.py] - INFO: ------创建菜单：start!---------
[2017-10-17 17:23:42,052] - logger.py] - INFO: ------创建菜单：stop!---------
[2017-10-17 17:23:42,054] - logger.py] - INFO: ------编辑菜单：start!---------
[2017-10-17 17:23:50,681] - logger.py] - INFO: ------删除菜单：start!---------
[2017-10-17 17:23:50,867] - logger.py] - INFO: ------上移菜单：start!---------
[2017-10-17 17:23:51,026] - logger.py] - INFO: ------下移菜单：start!---------
[2017-10-17 17:24:59,396] - logger.py] - INFO: ------创建菜单：start!---------
[2017-10-17 17:25:05,046] - logger.py] - INFO: ------创建菜单：stop!---------
[2017-10-17 17:25:05,047] - logger.py] - INFO: ------编辑菜单：start!---------
[2017-10-17 17:25:08,526] - logger.py] - INFO: ------编辑菜单：stop!---------
[2017-10-17 17:25:08,528] - logger.py] - INFO: ------删除菜单：start!---------
[2017-10-17 17:25:11,974] - logger.py] - INFO: ------删除菜单：stop!---------
[2017-10-17 17:25:11,976] - logger.py] - INFO: ------上移菜单：start!---------
[2017-10-17 17:25:13,675] - logger.py] - INFO: ------上移菜单：stop!---------
[2017-10-17 17:25:13,677] - logger.py] - INFO: ------下移菜单：start!---------
[2017-10-17 17:25:15,347] - logger.py] - INFO: ------下移菜单：stop!---------
[2017-10-17 17:26:22,314] - logger.py] - INFO: ------创建菜单：start!---------
[2017-10-17 17:26:27,808] - logger.py] - INFO: ------创建菜单：stop!---------
[2017-10-17 17:26:27,810] - logger.py] - INFO: ------编辑菜单：start!---------
[2017-10-17 17:26:31,316] - logger.py] - INFO: ------编辑菜单：stop!---------
[2017-10-17 17:26:31,318] - logger.py] - INFO: ------删除菜单：start!---------
[2017-10-17 17:26:34,518] - logger.py] - INFO: ------删除菜单：stop!---------
[2017-10-17 17:26:34,520] - logger.py] - INFO: ------上移菜单：start!---------
[2017-10-17 17:26:36,240] - logger.py] - INFO: ------上移菜单：stop!---------
[2017-10-17 17:26:36,242] - logger.py] - INFO: ------下移菜单：start!---------
[2017-10-17 17:26:37,759] - logger.py] - INFO: ------下移菜单：stop!---------
