[2017-11-07 08:53:58,939] - logger.py] - INFO: ------添加清单管理：start!---------
[2017-11-07 08:54:11,884] - logger.py] - INFO: ------添加清单管理：stop!---------
[2017-11-07 08:55:03,097] - logger.py] - INFO: ------入库单订单编号筛选：start!---------
[2017-11-07 08:55:04,938] - logger.py] - INFO: ------入库单订单编号筛选：stop!---------
[2017-11-07 08:56:25,644] - logger.py] - INFO: ------创建入库单：start!---------
[2017-11-07 08:56:32,463] - logger.py] - INFO: ------创建入库单：stop!---------
[2017-11-07 08:56:32,465] - logger.py] - INFO: ------查看入库单详情：start!---------
[2017-11-07 08:56:35,573] - logger.py] - INFO: ------查看入库单详情：stop!---------
[2017-11-07 08:56:35,575] - logger.py] - INFO: ------作废入库单：start!---------
[2017-11-07 08:56:40,296] - logger.py] - INFO: ------作废入库单：stop!---------
[2017-11-07 08:56:40,298] - logger.py] - INFO: ------重新编辑入库单：start!---------
[2017-11-07 08:56:47,208] - logger.py] - INFO: ------重新编辑入库单：stop!---------
[2017-11-07 08:56:47,209] - logger.py] - INFO: ------入库单订单编号筛选：start!---------
[2017-11-07 08:56:47,528] - logger.py] - INFO: ------添加清单管理：start!---------
[2017-11-07 08:59:30,416] - logger.py] - INFO: ------创建入库单：start!---------
[2017-11-07 08:59:37,111] - logger.py] - INFO: ------创建入库单：stop!---------
[2017-11-07 08:59:37,113] - logger.py] - INFO: ------查看入库单详情：start!---------
[2017-11-07 08:59:40,381] - logger.py] - INFO: ------查看入库单详情：stop!---------
[2017-11-07 08:59:40,382] - logger.py] - INFO: ------作废入库单：start!---------
[2017-11-07 08:59:44,957] - logger.py] - INFO: ------作废入库单：stop!---------
[2017-11-07 08:59:44,959] - logger.py] - INFO: ------重新编辑入库单：start!---------
[2017-11-07 08:59:50,601] - logger.py] - INFO: ------重新编辑入库单：stop!---------
[2017-11-07 08:59:50,603] - logger.py] - INFO: ------添加清单管理：start!---------
[2017-11-07 08:59:51,663] - logger.py] - INFO: ------入库单订单编号筛选：start!---------
[2017-11-07 09:00:46,742] - logger.py] - INFO: ------创建入库单：start!---------
[2017-11-07 09:00:53,646] - logger.py] - INFO: ------查看入库单详情：start!---------
[2017-11-07 09:00:56,524] - logger.py] - INFO: ------查看入库单详情：stop!---------
[2017-11-07 09:00:56,526] - logger.py] - INFO: ------作废入库单：start!---------
[2017-11-07 09:01:01,529] - logger.py] - INFO: ------作废入库单：stop!---------
[2017-11-07 09:01:01,530] - logger.py] - INFO: ------重新编辑入库单：start!---------
[2017-11-07 09:01:07,418] - logger.py] - INFO: ------重新编辑入库单：stop!---------
[2017-11-07 09:01:07,420] - logger.py] - INFO: ------添加清单管理：start!---------
[2017-11-07 09:01:17,288] - logger.py] - INFO: ------入库单订单编号筛选：start!---------
[2017-11-07 09:07:00,010] - logger.py] - INFO: ------创建入库单：start!---------
[2017-11-07 09:07:06,773] - logger.py] - INFO: ------创建入库单：stop!---------
[2017-11-07 09:07:06,774] - logger.py] - INFO: ------查看入库单详情：start!---------
[2017-11-07 09:07:09,769] - logger.py] - INFO: ------查看入库单详情：stop!---------
[2017-11-07 09:07:09,772] - logger.py] - INFO: ------作废入库单：start!---------
[2017-11-07 09:07:15,025] - logger.py] - INFO: ------作废入库单：stop!---------
[2017-11-07 09:07:15,026] - logger.py] - INFO: ------重新编辑入库单：start!---------
[2017-11-07 09:07:21,019] - logger.py] - INFO: ------重新编辑入库单：stop!---------
[2017-11-07 09:07:21,020] - logger.py] - INFO: ------添加清单管理：start!---------
[2017-11-07 09:07:35,946] - logger.py] - INFO: ------添加清单管理：stop!---------
[2017-11-07 09:07:35,947] - logger.py] - INFO: ------入库单订单编号筛选：start!---------
[2017-11-07 09:07:37,480] - logger.py] - INFO: ------入库单订单编号筛选：stop!---------
