[2017-10-13 11:16:45,666] - logger.py] - INFO: ------用户名密码为空：start!---------
[2017-10-13 11:16:46,681] - logger.py] - INFO: ------用户名密码为空：stop!---------
[2017-10-13 11:16:46,682] - logger.py] - INFO: ------用户名为空，密码正确：start!---------
[2017-10-13 11:16:47,578] - logger.py] - INFO: ------用户名为空，密码正确：stop!---------
[2017-10-13 11:16:47,578] - logger.py] - INFO: ------用户名正确，密码为空：start!---------
[2017-10-13 11:16:48,092] - logger.py] - INFO: ------用户名正确，密码为空：stop!---------
[2017-10-13 11:16:48,092] - logger.py] - INFO: ------用户名密码为大写：start!---------
[2017-10-13 11:16:49,494] - logger.py] - INFO: ------用户名密码为大写：stop!---------
[2017-10-13 11:16:49,494] - logger.py] - INFO: ------用户名密码正确：start!---------
[2017-10-13 11:16:51,473] - logger.py] - INFO: ------退出登录：start!---------
[2017-10-13 11:27:43,033] - logger.py] - INFO: ------用户名密码正确：start!---------
[2017-10-13 11:30:08,526] - logger.py] - INFO: ------用户名密码正确：start!---------
[2017-10-13 11:30:11,647] - logger.py] - INFO: ------用户名密码正确：stop!---------
[2017-10-13 11:30:31,242] - logger.py] - INFO: ------退出登录：start!---------
[2017-10-13 11:30:35,323] - logger.py] - INFO: ------退出登录：stop!---------
[2017-10-13 11:30:53,261] - logger.py] - INFO: ------用户名密码为空：start!---------
[2017-10-13 11:30:54,065] - logger.py] - INFO: ------用户名密码为空：stop!---------
[2017-10-13 11:30:54,066] - logger.py] - INFO: ------用户名为空，密码正确：start!---------
[2017-10-13 11:30:55,049] - logger.py] - INFO: ------用户名为空，密码正确：stop!---------
[2017-10-13 11:30:55,049] - logger.py] - INFO: ------用户名正确，密码为空：start!---------
[2017-10-13 11:30:55,462] - logger.py] - INFO: ------用户名正确，密码为空：stop!---------
[2017-10-13 11:30:55,463] - logger.py] - INFO: ------用户名密码为大写：start!---------
[2017-10-13 11:30:56,835] - logger.py] - INFO: ------用户名密码为大写：stop!---------
[2017-10-13 11:30:56,836] - logger.py] - INFO: ------用户名密码正确：start!---------
[2017-10-13 11:30:58,546] - logger.py] - INFO: ------用户名密码正确：stop!---------
[2017-10-13 11:30:58,547] - logger.py] - INFO: ------退出登录：start!---------
[2017-10-13 11:33:21,182] - logger.py] - INFO: ------用户名密码为空：start!---------
[2017-10-13 11:33:22,139] - logger.py] - INFO: ------用户名密码为空：stop!---------
[2017-10-13 11:33:22,140] - logger.py] - INFO: ------用户名为空，密码正确：start!---------
[2017-10-13 11:33:23,119] - logger.py] - INFO: ------用户名为空，密码正确：stop!---------
[2017-10-13 11:33:23,120] - logger.py] - INFO: ------用户名正确，密码为空：start!---------
[2017-10-13 11:33:23,497] - logger.py] - INFO: ------用户名正确，密码为空：stop!---------
[2017-10-13 11:33:23,498] - logger.py] - INFO: ------用户名密码为大写：start!---------
[2017-10-13 11:33:24,991] - logger.py] - INFO: ------用户名密码为大写：stop!---------
[2017-10-13 11:33:24,991] - logger.py] - INFO: ------用户名密码正确：start!---------
[2017-10-13 11:33:26,628] - logger.py] - INFO: ------用户名密码正确：stop!---------
[2017-10-13 11:33:26,629] - logger.py] - INFO: ------退出登录：start!---------
[2017-10-13 11:33:28,070] - logger.py] - INFO: ------退出登录：stop!---------
[2017-10-13 11:42:10,577] - logger.py] - INFO: ------用户名密码为空：start!---------
[2017-10-13 11:42:11,430] - logger.py] - INFO: ------用户名密码为空：stop!---------
[2017-10-13 11:42:11,431] - logger.py] - INFO: ------用户名为空，密码正确：start!---------
[2017-10-13 11:42:12,453] - logger.py] - INFO: ------用户名为空，密码正确：stop!---------
[2017-10-13 11:42:12,454] - logger.py] - INFO: ------用户名正确，密码为空：start!---------
[2017-10-13 11:42:12,970] - logger.py] - INFO: ------用户名正确，密码为空：stop!---------
[2017-10-13 11:42:12,970] - logger.py] - INFO: ------用户名密码为大写：start!---------
[2017-10-13 11:42:14,533] - logger.py] - INFO: ------用户名密码为大写：stop!---------
[2017-10-13 11:42:14,534] - logger.py] - INFO: ------用户名密码正确：start!---------
[2017-10-13 11:42:16,253] - logger.py] - INFO: ------用户名密码正确：stop!---------
[2017-10-13 11:42:16,253] - logger.py] - INFO: ------退出登录：start!---------
[2017-10-13 11:42:17,705] - logger.py] - INFO: ------退出登录：stop!---------
[2017-10-13 11:48:18,801] - logger.py] - INFO: ------用户名密码为空：start!---------
[2017-10-13 11:48:19,786] - logger.py] - INFO: ------用户名密码为空：stop!---------
[2017-10-13 11:48:19,787] - logger.py] - INFO: ------用户名为空，密码正确：start!---------
[2017-10-13 11:48:20,458] - logger.py] - INFO: ------用户名为空，密码正确：stop!---------
[2017-10-13 11:48:20,459] - logger.py] - INFO: ------用户名正确，密码为空：start!---------
[2017-10-13 11:48:20,903] - logger.py] - INFO: ------用户名正确，密码为空：stop!---------
[2017-10-13 11:48:20,903] - logger.py] - INFO: ------用户名密码为大写：start!---------
[2017-10-13 11:48:22,206] - logger.py] - INFO: ------用户名密码为大写：stop!---------
[2017-10-13 11:48:22,207] - logger.py] - INFO: ------用户名密码正确：start!---------
[2017-10-13 11:48:23,925] - logger.py] - INFO: ------用户名密码正确：stop!---------
[2017-10-13 11:48:23,925] - logger.py] - INFO: ------退出登录：start!---------
[2017-10-13 11:48:25,341] - logger.py] - INFO: ------退出登录：stop!---------
[2017-10-13 13:50:03,027] - logger.py] - INFO: ------用户名密码为空：start!---------
[2017-10-13 13:50:03,956] - logger.py] - INFO: ------用户名密码为空：stop!---------
[2017-10-13 13:50:03,957] - logger.py] - INFO: ------用户名为空，密码正确：start!---------
[2017-10-13 13:50:04,868] - logger.py] - INFO: ------用户名为空，密码正确：stop!---------
[2017-10-13 13:50:04,869] - logger.py] - INFO: ------用户名正确，密码为空：start!---------
[2017-10-13 13:50:05,259] - logger.py] - INFO: ------用户名正确，密码为空：stop!---------
[2017-10-13 13:50:05,260] - logger.py] - INFO: ------用户名密码为大写：start!---------
[2017-10-13 13:50:06,720] - logger.py] - INFO: ------用户名密码为大写：stop!---------
[2017-10-13 13:50:06,721] - logger.py] - INFO: ------用户名密码正确：start!---------
[2017-10-13 13:50:08,238] - logger.py] - INFO: ------用户名密码正确：stop!---------
[2017-10-13 13:50:08,239] - logger.py] - INFO: ------退出登录：start!---------
[2017-10-13 13:50:09,646] - logger.py] - INFO: ------退出登录：stop!---------
[2017-10-13 14:01:19,972] - logger.py] - INFO: ------用户名密码为空：start!---------
[2017-10-13 14:01:20,827] - logger.py] - INFO: ------用户名密码为空：stop!---------
[2017-10-13 14:01:20,828] - logger.py] - INFO: ------用户名为空，密码正确：start!---------
[2017-10-13 14:01:21,727] - logger.py] - INFO: ------用户名为空，密码正确：stop!---------
[2017-10-13 14:01:21,728] - logger.py] - INFO: ------用户名正确，密码为空：start!---------
[2017-10-13 14:01:22,102] - logger.py] - INFO: ------用户名正确，密码为空：stop!---------
[2017-10-13 14:01:22,102] - logger.py] - INFO: ------用户名密码为大写：start!---------
[2017-10-13 14:01:23,472] - logger.py] - INFO: ------用户名密码为大写：stop!---------
[2017-10-13 14:01:23,473] - logger.py] - INFO: ------用户名密码正确：start!---------
[2017-10-13 14:01:25,190] - logger.py] - INFO: ------用户名密码正确：stop!---------
[2017-10-13 14:01:25,190] - logger.py] - INFO: ------退出登录：start!---------
[2017-10-13 14:01:26,827] - logger.py] - INFO: ------退出登录：stop!---------
[2017-10-13 14:06:17,683] - logger.py] - INFO: ------用户名密码为空：start!---------
[2017-10-13 14:06:18,552] - logger.py] - INFO: ------用户名密码为空：stop!---------
[2017-10-13 14:06:18,552] - logger.py] - INFO: ------用户名为空，密码正确：start!---------
[2017-10-13 14:06:19,454] - logger.py] - INFO: ------用户名为空，密码正确：stop!---------
[2017-10-13 14:06:19,455] - logger.py] - INFO: ------用户名正确，密码为空：start!---------
[2017-10-13 14:06:19,939] - logger.py] - INFO: ------用户名正确，密码为空：stop!---------
[2017-10-13 14:06:19,940] - logger.py] - INFO: ------用户名密码为大写：start!---------
[2017-10-13 14:06:21,258] - logger.py] - INFO: ------用户名密码为大写：stop!---------
[2017-10-13 14:06:21,258] - logger.py] - INFO: ------用户名密码正确：start!---------
[2017-10-13 14:06:23,096] - logger.py] - INFO: ------用户名密码正确：stop!---------
[2017-10-13 14:06:23,096] - logger.py] - INFO: ------退出登录：start!---------
[2017-10-13 14:06:24,544] - logger.py] - INFO: ------退出登录：stop!---------
[2017-10-13 15:02:44,852] - logger.py] - INFO: ------添加货品类别：start!---------
[2017-10-13 15:02:53,453] - logger.py] - INFO: ------添加货品类别：stop!---------
[2017-10-13 15:02:53,453] - logger.py] - INFO: ------编辑货品类别：start!---------
[2017-10-13 15:03:02,592] - logger.py] - INFO: ------编辑货品类别：stop!---------
[2017-10-13 15:03:02,593] - logger.py] - INFO: ------禁用货品类别：start!---------
[2017-10-13 15:03:05,536] - logger.py] - INFO: ------禁用货品类别：stop!---------
[2017-10-13 15:03:05,537] - logger.py] - INFO: ------启用货品类别：start!---------
[2017-10-13 15:03:08,011] - logger.py] - INFO: ------启用货品类别：stop!---------
[2017-10-13 15:04:54,880] - logger.py] - INFO: ------用户名密码为空：start!---------
[2017-10-13 15:04:55,721] - logger.py] - INFO: ------用户名密码为空：stop!---------
[2017-10-13 15:04:55,722] - logger.py] - INFO: ------用户名为空，密码正确：start!---------
[2017-10-13 15:04:56,753] - logger.py] - INFO: ------用户名为空，密码正确：stop!---------
[2017-10-13 15:04:56,753] - logger.py] - INFO: ------用户名正确，密码为空：start!---------
[2017-10-13 15:04:57,262] - logger.py] - INFO: ------用户名正确，密码为空：stop!---------
[2017-10-13 15:04:57,263] - logger.py] - INFO: ------用户名密码为大写：start!---------
[2017-10-13 15:04:58,594] - logger.py] - INFO: ------用户名密码为大写：stop!---------
[2017-10-13 15:04:58,594] - logger.py] - INFO: ------用户名密码正确：start!---------
[2017-10-13 15:05:00,635] - logger.py] - INFO: ------用户名密码正确：stop!---------
[2017-10-13 15:05:00,636] - logger.py] - INFO: ------退出登录：start!---------
[2017-10-13 15:05:02,254] - logger.py] - INFO: ------退出登录：stop!---------
[2017-10-13 15:07:13,719] - logger.py] - INFO: ------用户名密码为空：start!---------
[2017-10-13 15:07:19,521] - logger.py] - INFO: ------用户名为空，密码正确：start!---------
[2017-10-13 15:07:29,633] - logger.py] - INFO: ------用户名正确，密码为空：start!---------
[2017-10-13 15:07:35,404] - logger.py] - INFO: ------用户名密码为大写：start!---------
[2017-10-13 15:07:40,907] - logger.py] - INFO: ------用户名密码正确：start!---------
[2017-10-13 15:07:46,681] - logger.py] - INFO: ------退出登录：start!---------
[2017-10-13 15:08:50,506] - logger.py] - INFO: ------用户名密码为空：start!---------
[2017-10-13 15:08:56,189] - logger.py] - INFO: ------用户名为空，密码正确：start!---------
[2017-10-13 15:09:01,780] - logger.py] - INFO: ------用户名正确，密码为空：start!---------
[2017-10-13 15:09:07,380] - logger.py] - INFO: ------用户名密码为大写：start!---------
[2017-10-13 15:09:12,948] - logger.py] - INFO: ------用户名密码正确：start!---------
[2017-10-13 15:09:18,693] - logger.py] - INFO: ------退出登录：start!---------
[2017-10-13 15:42:56,876] - logger.py] - INFO: ------用户名密码为空：start!---------
[2017-10-13 15:43:02,507] - logger.py] - INFO: ------用户名为空，密码正确：start!---------
[2017-10-13 15:43:07,958] - logger.py] - INFO: ------用户名正确，密码为空：start!---------
[2017-10-13 15:43:13,658] - logger.py] - INFO: ------用户名密码为大写：start!---------
[2017-10-13 15:43:19,211] - logger.py] - INFO: ------用户名密码正确：start!---------
[2017-10-13 15:43:24,915] - logger.py] - INFO: ------退出登录：start!---------
[2017-10-13 16:04:39,331] - logger.py] - INFO: ------用户名密码为空：start!---------
[2017-10-13 16:04:45,063] - logger.py] - INFO: ------用户名为空，密码正确：start!---------
[2017-10-13 16:04:51,064] - logger.py] - INFO: ------用户名正确，密码为空：start!---------
[2017-10-13 16:04:56,453] - logger.py] - INFO: ------用户名密码为大写：start!---------
[2017-10-13 16:04:59,878] - logger.py] - INFO: ------用户名密码为大写：stop!---------
[2017-10-13 16:04:59,879] - logger.py] - INFO: ------用户名密码正确：start!---------
[2017-10-13 16:05:06,365] - logger.py] - INFO: ------退出登录：start!---------
[2017-10-13 16:06:25,193] - logger.py] - INFO: ------用户名密码为空：start!---------
[2017-10-13 16:06:29,367] - logger.py] - INFO: ------用户名密码为空：stop!---------
[2017-10-13 16:06:29,368] - logger.py] - INFO: ------用户名为空，密码正确：start!---------
[2017-10-13 16:06:29,984] - logger.py] - INFO: ------用户名为空，密码正确：stop!---------
[2017-10-13 16:06:29,984] - logger.py] - INFO: ------用户名正确，密码为空：start!---------
[2017-10-13 16:06:30,478] - logger.py] - INFO: ------用户名正确，密码为空：stop!---------
[2017-10-13 16:06:30,479] - logger.py] - INFO: ------用户名密码为大写：start!---------
[2017-10-13 16:06:32,125] - logger.py] - INFO: ------用户名密码为大写：stop!---------
[2017-10-13 16:06:32,125] - logger.py] - INFO: ------用户名密码正确：start!---------
[2017-10-13 16:06:33,801] - logger.py] - INFO: ------用户名密码正确：stop!---------
[2017-10-13 16:06:33,802] - logger.py] - INFO: ------退出登录：start!---------
[2017-10-13 16:06:35,938] - logger.py] - INFO: ------退出登录：stop!---------
[2017-10-13 16:13:17,620] - logger.py] - INFO: ------用户名密码为空：start!---------
[2017-10-13 16:13:18,558] - logger.py] - INFO: ------用户名密码为空：stop!---------
[2017-10-13 16:13:18,558] - logger.py] - INFO: ------用户名为空，密码正确：start!---------
[2017-10-13 16:13:18,973] - logger.py] - INFO: ------用户名为空，密码正确：stop!---------
[2017-10-13 16:13:18,974] - logger.py] - INFO: ------用户名正确，密码为空：start!---------
[2017-10-13 16:13:19,463] - logger.py] - INFO: ------用户名正确，密码为空：stop!---------
[2017-10-13 16:13:19,464] - logger.py] - INFO: ------用户名密码为大写：start!---------
[2017-10-13 16:13:20,861] - logger.py] - INFO: ------用户名密码为大写：stop!---------
[2017-10-13 16:13:20,861] - logger.py] - INFO: ------用户名密码正确：start!---------
[2017-10-13 16:13:23,947] - logger.py] - INFO: ------用户名密码正确：stop!---------
[2017-10-13 16:13:23,948] - logger.py] - INFO: ------退出登录：start!---------
[2017-10-13 16:13:25,664] - logger.py] - INFO: ------退出登录：stop!---------
[2017-10-13 16:13:32,969] - logger.py] - INFO: ------添加货品类别：start!---------
[2017-10-13 16:13:42,104] - logger.py] - INFO: ------添加货品类别：stop!---------
[2017-10-13 16:13:42,105] - logger.py] - INFO: ------编辑货品类别：start!---------
[2017-10-13 16:13:49,440] - logger.py] - INFO: ------编辑货品类别：stop!---------
[2017-10-13 16:13:49,440] - logger.py] - INFO: ------禁用货品类别：start!---------
[2017-10-13 16:13:52,630] - logger.py] - INFO: ------禁用货品类别：stop!---------
[2017-10-13 16:13:52,631] - logger.py] - INFO: ------启用货品类别：start!---------
[2017-10-13 16:13:55,355] - logger.py] - INFO: ------启用货品类别：stop!---------
[2017-10-13 16:36:15,736] - logger.py] - INFO: ------用户名密码为空：start!---------
[2017-10-13 16:36:16,855] - logger.py] - INFO: ------用户名密码为空：stop!---------
[2017-10-13 16:36:16,856] - logger.py] - INFO: ------用户名为空，密码正确：start!---------
[2017-10-13 16:36:17,427] - logger.py] - INFO: ------用户名为空，密码正确：stop!---------
[2017-10-13 16:36:17,427] - logger.py] - INFO: ------用户名正确，密码为空：start!---------
[2017-10-13 16:36:17,923] - logger.py] - INFO: ------用户名正确，密码为空：stop!---------
[2017-10-13 16:36:17,924] - logger.py] - INFO: ------用户名密码为大写：start!---------
[2017-10-13 16:36:20,526] - logger.py] - INFO: ------用户名密码为大写：stop!---------
[2017-10-13 16:36:20,526] - logger.py] - INFO: ------用户名密码正确：start!---------
[2017-10-13 16:36:22,483] - logger.py] - INFO: ------用户名密码正确：stop!---------
[2017-10-13 16:36:22,484] - logger.py] - INFO: ------退出登录：start!---------
[2017-10-13 16:36:23,997] - logger.py] - INFO: ------退出登录：stop!---------
[2017-10-13 16:36:42,095] - logger.py] - INFO: ------添加包装类型：start!---------
[2017-10-13 16:36:48,588] - logger.py] - INFO: ------添加包装类型：stop!---------
[2017-10-13 16:36:48,588] - logger.py] - INFO: ------编辑包装类型：start!---------
[2017-10-13 16:36:57,677] - logger.py] - INFO: ------编辑包装类型：stop!---------
[2017-10-13 16:36:57,678] - logger.py] - INFO: ------禁用包装类型：start!---------
[2017-10-13 16:37:00,425] - logger.py] - INFO: ------禁用包装类型：stop!---------
[2017-10-13 16:42:50,748] - logger.py] - INFO: ------用户名密码为空：start!---------
[2017-10-13 16:42:51,959] - logger.py] - INFO: ------用户名密码为空：stop!---------
[2017-10-13 16:42:51,960] - logger.py] - INFO: ------用户名为空，密码正确：start!---------
[2017-10-13 16:42:52,573] - logger.py] - INFO: ------用户名为空，密码正确：stop!---------
[2017-10-13 16:42:52,573] - logger.py] - INFO: ------用户名正确，密码为空：start!---------
[2017-10-13 16:42:53,040] - logger.py] - INFO: ------用户名正确，密码为空：stop!---------
[2017-10-13 16:42:53,040] - logger.py] - INFO: ------用户名密码为大写：start!---------
[2017-10-13 16:42:54,577] - logger.py] - INFO: ------用户名密码为大写：stop!---------
[2017-10-13 16:42:54,577] - logger.py] - INFO: ------用户名密码正确：start!---------
[2017-10-13 16:42:57,039] - logger.py] - INFO: ------用户名密码正确：stop!---------
[2017-10-13 16:42:57,039] - logger.py] - INFO: ------退出登录：start!---------
[2017-10-13 16:42:58,744] - logger.py] - INFO: ------退出登录：stop!---------
[2017-10-13 16:43:16,710] - logger.py] - INFO: ------添加货品类别：start!---------
[2017-10-13 16:43:25,468] - logger.py] - INFO: ------添加货品类别：stop!---------
[2017-10-13 16:43:25,469] - logger.py] - INFO: ------编辑货品类别：start!---------
[2017-10-13 16:43:31,955] - logger.py] - INFO: ------编辑货品类别：stop!---------
[2017-10-13 16:43:31,956] - logger.py] - INFO: ------禁用货品类别：start!---------
[2017-10-13 16:43:34,625] - logger.py] - INFO: ------禁用货品类别：stop!---------
[2017-10-13 16:43:34,625] - logger.py] - INFO: ------启用货品类别：start!---------
[2017-10-13 16:43:37,251] - logger.py] - INFO: ------启用货品类别：stop!---------
[2017-10-13 16:49:37,692] - logger.py] - INFO: ------用户名密码为空：start!---------
[2017-10-13 16:49:38,578] - logger.py] - INFO: ------用户名密码为空：stop!---------
[2017-10-13 16:49:38,579] - logger.py] - INFO: ------用户名为空，密码正确：start!---------
[2017-10-13 16:49:39,711] - logger.py] - INFO: ------用户名为空，密码正确：stop!---------
[2017-10-13 16:49:39,712] - logger.py] - INFO: ------用户名正确，密码为空：start!---------
[2017-10-13 16:49:40,294] - logger.py] - INFO: ------用户名正确，密码为空：stop!---------
[2017-10-13 16:49:40,295] - logger.py] - INFO: ------用户名密码为大写：start!---------
[2017-10-13 16:49:42,065] - logger.py] - INFO: ------用户名密码为大写：stop!---------
[2017-10-13 16:49:42,065] - logger.py] - INFO: ------用户名密码正确：start!---------
[2017-10-13 16:49:43,719] - logger.py] - INFO: ------用户名密码正确：stop!---------
[2017-10-13 16:49:43,721] - logger.py] - INFO: ------退出登录：start!---------
[2017-10-13 16:49:45,465] - logger.py] - INFO: ------退出登录：stop!---------
[2017-10-13 16:50:02,597] - logger.py] - INFO: ------添加货品类别：start!---------
[2017-10-13 16:50:11,311] - logger.py] - INFO: ------添加货品类别：stop!---------
[2017-10-13 16:50:11,311] - logger.py] - INFO: ------编辑货品类别：start!---------
[2017-10-13 16:50:30,047] - logger.py] - INFO: ------禁用货品类别：start!---------
[2017-10-13 16:50:30,563] - logger.py] - INFO: ------启用货品类别：start!---------
[2017-10-13 16:59:16,668] - logger.py] - INFO: ------用户名密码为空：start!---------
[2017-10-13 16:59:17,733] - logger.py] - INFO: ------用户名密码为空：stop!---------
[2017-10-13 16:59:17,734] - logger.py] - INFO: ------用户名为空，密码正确：start!---------
[2017-10-13 16:59:18,508] - logger.py] - INFO: ------用户名为空，密码正确：stop!---------
[2017-10-13 16:59:18,508] - logger.py] - INFO: ------用户名正确，密码为空：start!---------
[2017-10-13 16:59:18,951] - logger.py] - INFO: ------用户名正确，密码为空：stop!---------
[2017-10-13 16:59:18,952] - logger.py] - INFO: ------用户名密码为大写：start!---------
[2017-10-13 16:59:20,519] - logger.py] - INFO: ------用户名密码为大写：stop!---------
[2017-10-13 16:59:20,519] - logger.py] - INFO: ------用户名密码正确：start!---------
[2017-10-13 16:59:22,073] - logger.py] - INFO: ------用户名密码正确：stop!---------
[2017-10-13 16:59:22,074] - logger.py] - INFO: ------退出登录：start!---------
[2017-10-13 16:59:23,531] - logger.py] - INFO: ------退出登录：stop!---------
